<?xml version="1.0" encoding="UTF-8"?>
<!-- Generated by org.testng.reporters.JUnitXMLReporter -->
<testsuite ignored="0" hostname="dkadev-qaa" failures="0" tests="3" name="Default test" time="6.126" errors="0" timestamp="2023-10-16T11:54:23 CEST">
  <testcase classname="testng_features.LoginPageNegativeTest" name="doLoginTest" time="0.64"/>
  <testcase classname="testng_features.LoginPageNegativeTest" name="doLoginTest" time="0.568"/>
  <testcase classname="testng_features.LoginPageNegativeTest" name="doLoginTest" time="0.584"/>
</testsuite> <!-- Default test -->
