<?xml version="1.0" encoding="UTF-8"?>
<testng-results ignored="0" total="7" passed="7" failed="0" skipped="0">
  <reporter-output>
  </reporter-output>
  <suite started-at="2023-10-17T11:24:04 CEST" name="Regression Suite" finished-at="2023-10-17T11:24:19 CEST" duration-ms="14888">
    <groups>
    </groups>
    <test started-at="2023-10-17T11:24:04 CEST" name="Google Test" finished-at="2023-10-17T11:24:08 CEST" duration-ms="4160">
      <class name="testng_features.GoogleTest">
        <test-method is-config="true" signature="setup(java.lang.String, java.lang.String)[pri:0, instance:testng_features.GoogleTest@2a693f59]" started-at="2023-10-17T11:24:04 CEST" name="setup" finished-at="2023-10-17T11:24:08 CEST" duration-ms="3377" status="PASS">
          <params>
            <param index="0">
              <value>
                <![CDATA[https://www.google.com]]>
              </value>
            </param>
            <param index="1">
              <value>
                <![CDATA[chrome]]>
              </value>
            </param>
          </params>
          <reporter-output>
          </reporter-output>
        </test-method> <!-- setup -->
        <test-method signature="titleTest()[pri:1, instance:testng_features.GoogleTest@2a693f59]" started-at="2023-10-17T11:24:08 CEST" name="titleTest" finished-at="2023-10-17T11:24:08 CEST" duration-ms="16" status="PASS">
          <reporter-output>
          </reporter-output>
        </test-method> <!-- titleTest -->
        <test-method signature="searchBarExitsTest()[pri:2, instance:testng_features.GoogleTest@2a693f59]" started-at="2023-10-17T11:24:08 CEST" name="searchBarExitsTest" finished-at="2023-10-17T11:24:08 CEST" duration-ms="47" status="PASS">
          <reporter-output>
          </reporter-output>
        </test-method> <!-- searchBarExitsTest -->
        <test-method is-config="true" signature="tearDown()[pri:0, instance:testng_features.GoogleTest@2a693f59]" started-at="2023-10-17T11:24:08 CEST" name="tearDown" finished-at="2023-10-17T11:24:08 CEST" duration-ms="690" status="PASS">
          <reporter-output>
          </reporter-output>
        </test-method> <!-- tearDown -->
      </class> <!-- testng_features.GoogleTest -->
    </test> <!-- Google Test -->
    <test started-at="2023-10-17T11:24:08 CEST" name="Amazon Test" finished-at="2023-10-17T11:24:12 CEST" duration-ms="3651">
      <class name="testng_features.AmazonTest">
        <test-method is-config="true" signature="setup(java.lang.String, java.lang.String)[pri:0, instance:testng_features.AmazonTest@17bffc17]" started-at="2023-10-17T11:24:08 CEST" name="setup" finished-at="2023-10-17T11:24:11 CEST" duration-ms="2783" status="PASS">
          <params>
            <param index="0">
              <value>
                <![CDATA[https://www.amazon.de/]]>
              </value>
            </param>
            <param index="1">
              <value>
                <![CDATA[chrome]]>
              </value>
            </param>
          </params>
          <reporter-output>
          </reporter-output>
        </test-method> <!-- setup -->
        <test-method signature="titleTest()[pri:1, instance:testng_features.AmazonTest@17bffc17]" started-at="2023-10-17T11:24:11 CEST" name="titleTest" finished-at="2023-10-17T11:24:11 CEST" duration-ms="79" status="PASS">
          <reporter-output>
          </reporter-output>
        </test-method> <!-- titleTest -->
        <test-method signature="searchBarExitsTest()[pri:2, instance:testng_features.AmazonTest@17bffc17]" started-at="2023-10-17T11:24:11 CEST" name="searchBarExitsTest" finished-at="2023-10-17T11:24:11 CEST" duration-ms="57" status="PASS">
          <reporter-output>
          </reporter-output>
        </test-method> <!-- searchBarExitsTest -->
        <test-method signature="signinLinkTest()[pri:3, instance:testng_features.AmazonTest@17bffc17]" started-at="2023-10-17T11:24:11 CEST" name="signinLinkTest" finished-at="2023-10-17T11:24:11 CEST" duration-ms="59" status="PASS">
          <reporter-output>
          </reporter-output>
        </test-method> <!-- signinLinkTest -->
        <test-method is-config="true" signature="tearDown()[pri:0, instance:testng_features.AmazonTest@17bffc17]" started-at="2023-10-17T11:24:11 CEST" name="tearDown" finished-at="2023-10-17T11:24:12 CEST" duration-ms="666" status="PASS">
          <reporter-output>
          </reporter-output>
        </test-method> <!-- tearDown -->
      </class> <!-- testng_features.AmazonTest -->
    </test> <!-- Amazon Test -->
    <test started-at="2023-10-17T11:24:12 CEST" name="Opencart Test" finished-at="2023-10-17T11:24:19 CEST" duration-ms="7009">
      <class name="testng_features.OpencartTest">
        <test-method is-config="true" signature="setup(java.lang.String, java.lang.String)[pri:0, instance:testng_features.OpencartTest@1807e3f6]" started-at="2023-10-17T11:24:12 CEST" name="setup" finished-at="2023-10-17T11:24:18 CEST" duration-ms="5822" status="PASS">
          <params>
            <param index="0">
              <value>
                <![CDATA[https://naveenautomationlabs.com/opencart/index.php?route=account/login]]>
              </value>
            </param>
            <param index="1">
              <value>
                <![CDATA[firefox]]>
              </value>
            </param>
          </params>
          <reporter-output>
          </reporter-output>
        </test-method> <!-- setup -->
        <test-method signature="titleTest()[pri:1, instance:testng_features.OpencartTest@1807e3f6]" started-at="2023-10-17T11:24:18 CEST" name="titleTest" finished-at="2023-10-17T11:24:18 CEST" duration-ms="7" status="PASS">
          <reporter-output>
          </reporter-output>
        </test-method> <!-- titleTest -->
        <test-method signature="searchBarExitsTest()[pri:2, instance:testng_features.OpencartTest@1807e3f6]" started-at="2023-10-17T11:24:18 CEST" name="searchBarExitsTest" finished-at="2023-10-17T11:24:18 CEST" duration-ms="37" status="PASS">
          <reporter-output>
          </reporter-output>
        </test-method> <!-- searchBarExitsTest -->
        <test-method is-config="true" signature="tearDown()[pri:0, instance:testng_features.OpencartTest@1807e3f6]" started-at="2023-10-17T11:24:18 CEST" name="tearDown" finished-at="2023-10-17T11:24:19 CEST" duration-ms="1139" status="PASS">
          <reporter-output>
          </reporter-output>
        </test-method> <!-- tearDown -->
      </class> <!-- testng_features.OpencartTest -->
    </test> <!-- Opencart Test -->
  </suite> <!-- Regression Suite -->
</testng-results>
